LOG FILE
2017-05-31 10:18:21: Rainfall: 0.000000 inches
2017-05-31 10:18:21: Starting sprinkler
2017-05-31 10:19:21: Stopping sprinkler

2017-05-31 12:10:03: Rainfall: 0.000000 inches
2017-05-31 12:10:03: Starting sprinkler
2017-05-31 12:11:03: Stopping sprinkler

2017-05-31 12:15:02: Rainfall: 0.000000 inches
2017-05-31 12:15:02: Starting sprinkler
2017-05-31 12:16:02: Stopping sprinkler

2017-05-31 12:20:02: Rainfall: 0.000000 inches
2017-05-31 12:20:02: Starting sprinkler
2017-05-31 12:21:02: Stopping sprinkler

2017-05-31 13:05:02: Rainfall: 0.000000 inches
2017-05-31 13:05:02: Starting sprinkler
2017-05-31 13:06:02: Stopping sprinkler

2017-06-02 13:03:02: Rainfall: 0.000000 inches
2017-06-02 13:03:02: Starting sprinkler
2017-06-02 13:13:02: Stopping sprinkler

2017-06-02 18:00:07: Rainfall: 0.000000 inches
2017-06-02 18:00:07: Starting sprinkler
2017-06-02 18:30:07: Stopping sprinkler

2017-06-03 06:00:15: Rainfall: 0.000000 inches
2017-06-03 06:00:15: Starting sprinkler
2017-06-03 06:30:15: Stopping sprinkler

2017-06-04 14:39:24: Rainfall: 0.000000 inches
2017-06-04 14:39:29: Starting sprinkler for zone 0 
2017-06-04 14:41:29: Stopping sprinkler for zone 0 

2017-06-04 14:41:34: Starting sprinkler for zone 1 
2017-06-04 14:42:34: Stopping sprinkler for zone 1 

2017-06-04 14:47:02: Rainfall: 0.000000 inches
2017-06-04 14:47:07: Starting sprinkler for zone 0 
2017-06-04 14:48:07: Stopping sprinkler for zone 0 
2017-06-04 14:48:12: Starting sprinkler for zone 1 
2017-06-04 14:49:12: Stopping sprinkler for zone 1 

2017-06-04 14:56:07: Sprinkler System was force stopped

2017-06-04 15:04:42: Rainfall: 0.000000 inches
2017-06-04 15:04:47: An error has occurred: No access to /dev/mem.  Try running as root! 
2017-06-04 15:04:54: Rainfall: 0.000000 inches
2017-06-04 15:04:59: Starting sprinkler for zone 0 
2017-06-04 15:05:59: Stopping sprinkler for zone 0 

2017-06-04 15:06:55: Rainfall: 0.000000 inches
2017-06-04 15:07:00: Starting sprinkler for zone 0 
2017-06-04 15:08:00: Stopping sprinkler for zone 0 

2017-06-04 15:13:33: Sprinkler System was force stopped

2017-06-04 15:14:48: Rainfall: 0.000000 inches
2017-06-04 15:14:53: An error has occurred: No access to /dev/mem.  Try running as root! 
2017-06-04 15:15:05: Sprinkler System was force stopped

2017-06-04 15:15:32: Sprinkler System was force stopped

2017-06-04 15:15:47: Sprinkler System was force stopped

2017-06-04 15:16:30: Sprinkler System was force stopped

2017-06-04 15:19:22: Sprinkler System was force stopped

2017-06-04 15:20:13: Sprinkler System was force stopped

2017-06-04 15:20:50: Sprinkler System was force stopped

2017-06-04 15:21:24: Sprinkler System was force stopped

2017-06-04 15:21:33: Sprinkler System was force stopped

2017-06-04 15:22:15: Sprinkler System was force stopped

2017-06-04 15:22:31: Rainfall: 0.000000 inches
2017-06-04 15:22:36: Starting sprinkler for zone 0 
2017-06-04 15:23:36: Stopping sprinkler for zone 0 

2017-06-04 15:24:02: Rainfall: 0.000000 inches
2017-06-04 15:24:22: Sprinkler System was force stopped

2017-06-04 15:24:07: Starting sprinkler for zone 0 
2017-06-04 15:25:07: Stopping sprinkler for zone 0 

2017-06-04 15:30:55: Issues killing process in force stoppage
2017-06-04 15:30:55: Sprinkler System was force stopped

2017-06-04 15:31:11: Rainfall: 0.000000 inches
2017-06-04 15:31:16: Starting sprinkler for zone 0 
2017-06-04 15:32:16: Stopping sprinkler for zone 0 

2017-06-04 15:33:02: Rainfall: 0.000000 inches
2017-06-04 15:33:09: Sprinkler System was force stopped

2017-06-04 15:49:56: Issues killing process in force stoppage
2017-06-04 15:51:29: Issues killing process in force stoppage
2017-06-04 15:52:21: Issues killing process in force stoppage
2017-06-04 15:53:02: Rainfall: 0.000000 inches
2017-06-04 15:53:07: Starting sprinkler for zone 0 
2017-06-04 15:54:08: Stopping sprinkler for zone 0 

2017-06-04 15:56:38: Issues killing process in force stoppage
2017-06-04 15:57:25: Issues killing process in force stoppage
2017-06-04 15:58:02: Rainfall: 0.000000 inches
2017-06-04 15:58:07: Starting sprinkler for zone 0 
2017-06-04 15:59:07: Stopping sprinkler for zone 0 

2017-06-05 12:46:42: Issues killing process in force stoppage
2017-06-05 12:48:02: Rainfall: 0.000000 inches
2017-06-05 12:48:07: Starting sprinkler for zone 0 
2017-06-05 12:49:08: Stopping sprinkler for zone 0 
2017-06-05 12:49:13: Starting sprinkler for zone 1 
2017-06-05 12:50:13: Stopping sprinkler for zone 1 

2017-06-05 13:07:55: Issues killing process in force stoppage
2017-06-05 13:10:02: Rainfall: 0.000000 inches
2017-06-05 13:10:07: Starting sprinkler for zone 0 
2017-06-05 13:40:07: Stopping sprinkler for zone 0 

2017-06-06 09:35:49: Issues killing process in force stoppage
2017-06-06 18:00:02: Rainfall: 0.000000 inches
2017-06-06 18:00:07: Starting sprinkler for zone 0 
2017-06-06 18:30:07: Stopping sprinkler for zone 0 

2017-06-07 18:00:23: Rainfall: 0.000000 inches
2017-06-07 18:00:28: Starting sprinkler for zone 0 
2017-06-07 18:30:28: Stopping sprinkler for zone 0 

2017-06-08 18:00:03: Rainfall: 0.449998 inches
2017-06-09 18:00:04: Rainfall: 0.173333 inches
2017-06-10 10:48:14: Issues killing process in force stoppage
2017-06-10 18:00:04: Rainfall: 0.246667 inches
2017-06-10 23:10:18: Issues killing process in force stoppage
2017-06-11 18:00:03: Rainfall: 0.000000 inches
2017-06-11 18:00:08: Starting sprinkler for zone 0 
2017-06-11 18:30:08: Stopping sprinkler for zone 0 

2017-06-12 18:00:04: Rainfall: 0.000000 inches
2017-06-12 18:00:09: Starting sprinkler for zone 0 
2017-06-12 18:30:09: Stopping sprinkler for zone 0 

2017-06-13 18:00:02: Rainfall: 0.076667 inches
2017-06-14 10:12:52: Issues killing process in force stoppage
2017-06-14 14:59:54: Issues killing process in force stoppage
2017-06-14 18:00:03: Rainfall: 0.000000 inches
2017-06-14 18:00:08: Starting sprinkler for zone 0 
2017-06-14 18:30:08: Stopping sprinkler for zone 0 

2017-06-15 18:00:02: Rainfall: 0.080000 inches
2017-06-16 18:00:03: Rainfall: 0.166666 inches
2017-06-17 18:00:03: Rainfall: 0.006665 inches
2017-06-17 18:00:08: Starting sprinkler for zone 0 
2017-06-17 18:30:08: Stopping sprinkler for zone 0 

2017-06-18 14:32:54: Issues killing process in force stoppage
2017-06-18 14:33:57: Issues killing process in force stoppage
2017-06-18 14:34:03: Rainfall: 0.000000 inches
2017-06-18 14:34:08: Starting sprinkler for zone 0 
2017-06-18 15:04:08: Stopping sprinkler for zone 0 

2017-06-18 18:00:02: Rainfall: 0.000000 inches
2017-06-18 18:00:07: Starting sprinkler for zone 0 
2017-06-18 18:30:07: Stopping sprinkler for zone 0 

2017-06-19 08:12:40: Issues killing process in force stoppage
2017-06-19 08:57:15: Issues killing process in force stoppage
2017-06-19 09:01:34: Issues killing process in force stoppage
2017-06-19 09:01:36: Issues killing process in force stoppage
2017-06-19 09:01:59: Issues killing process in force stoppage
2017-06-19 09:03:02: Rainfall: 0.000000 inches
2017-06-19 09:03:07: Starting sprinkler for zone 0 
2017-06-19 09:33:07: Stopping sprinkler for zone 0 

2017-06-19 18:00:03: Rainfall: 0.000000 inches
2017-06-19 18:00:08: Starting sprinkler for zone 0 
2017-06-19 18:30:08: Stopping sprinkler for zone 0 

2017-06-19 21:31:35: Issues killing process in force stoppage
2017-06-19 21:38:15: Issues killing process in force stoppage
2017-06-19 21:47:51: Issues killing process in force stoppage
2017-06-19 22:22:19: Issues killing process in force stoppage
2017-06-19 22:23:53: Issues killing process in force stoppage
2017-06-19 22:47:39: Issues killing process in force stoppage
2017-06-19 22:49:44: Issues killing process in force stoppage
2017-06-19 22:53:19: Issues killing process in force stoppage
2017-06-19 23:58:32: Issues killing process in force stoppage
2017-06-19 23:59:13: Issues killing process in force stoppage
2017-06-20 06:00:06: Rainfall: 0.003333 inches
2017-06-20 06:00:11: Starting sprinkler for zone 0 
2017-06-20 06:30:11: Stopping sprinkler for zone 0 

2017-06-20 18:00:02: Rainfall: 0.003333 inches
2017-06-20 18:00:07: Starting sprinkler for zone 0 
2017-06-20 18:30:07: Stopping sprinkler for zone 0 

2017-06-21 06:00:04: Rainfall: 0.000000 inches
2017-06-21 06:00:09: Starting sprinkler for zone 0 
2017-06-21 06:30:09: Stopping sprinkler for zone 0 

2017-06-21 18:00:03: Rainfall: 0.000000 inches
2017-06-21 18:00:08: Starting sprinkler for zone 0 
2017-06-21 18:30:08: Stopping sprinkler for zone 0 

2017-06-22 06:00:05: Rainfall: 0.000000 inches
2017-06-22 06:00:10: Starting sprinkler for zone 0 
2017-06-22 06:30:10: Stopping sprinkler for zone 0 

2017-06-22 12:40:52: Issues killing process in force stoppage
2017-06-22 13:00:03: Rainfall: 0.000000 inches
2017-06-22 13:00:08: Starting sprinkler for zone 0 
2017-06-22 13:30:08: Stopping sprinkler for zone 0 

2017-06-22 18:00:02: Rainfall: 0.000000 inches
2017-06-22 18:00:07: Starting sprinkler for zone 0 
2017-06-22 18:30:07: Stopping sprinkler for zone 0 

2017-06-23 06:00:03: Rainfall: 0.000000 inches
2017-06-23 06:00:08: Starting sprinkler for zone 0 
2017-06-23 06:30:08: Stopping sprinkler for zone 0 

2017-06-23 13:00:08: Rainfall: 0.000000 inches
2017-06-23 13:00:13: Starting sprinkler for zone 0 
2017-06-23 13:30:13: Stopping sprinkler for zone 0 

2017-06-23 16:35:44: Issues killing process in force stoppage
2017-06-23 18:00:05: Rainfall: 0.000000 inches
2017-06-23 18:00:10: Starting sprinkler for zone 0 
2017-06-23 18:30:10: Stopping sprinkler for zone 0 

2017-06-24 06:00:12: Rainfall: 0.000000 inches
2017-06-24 06:00:17: Starting sprinkler for zone 0 
2017-06-24 06:30:17: Stopping sprinkler for zone 0 

2017-06-24 09:00:34: Issues killing process in force stoppage
2017-06-24 09:21:12: Issues killing process in force stoppage
2017-06-24 09:21:14: Issues killing process in force stoppage
2017-06-24 09:42:04: Issues killing process in force stoppage
2017-06-24 10:09:26: Issues killing process in force stoppage
2017-06-24 12:00:04: Rainfall: 0.000000 inches
2017-06-24 12:29:32: Sprinkler System was force stopped

2017-06-24 12:49:29: Issues killing process in force stoppage
2017-06-24 15:00:04: Rainfall: 0.000000 inches
2017-06-24 15:03:30: Sprinkler System was force stopped

2017-06-24 15:27:52: Issues killing process in force stoppage
2017-06-24 16:12:53: Issues killing process in force stoppage
2017-06-24 18:00:03: Rainfall: 0.000000 inches
2017-06-24 18:00:08: Starting sprinkler for zone 0 
2017-06-24 19:00:08: Stopping sprinkler for zone 0 

2017-06-24 19:01:53: Issues killing process in force stoppage
2017-06-24 19:58:51: Issues killing process in force stoppage
2017-06-24 19:59:55: Issues killing process in force stoppage
2017-06-24 22:42:29: Issues killing process in force stoppage
2017-06-24 23:01:17: Issues killing process in force stoppage
2017-06-24 23:06:10: Issues killing process in force stoppage
2017-06-25 00:18:56: Issues killing process in force stoppage
2017-06-25 06:00:02: Rainfall: 0.000000 inches
2017-06-25 06:00:07: Starting sprinkler for zone 0 
2017-06-25 07:00:07: Stopping sprinkler for zone 0 

2017-06-25 11:03:37: Issues killing process in force stoppage
2017-06-25 11:07:37: Issues killing process in force stoppage
2017-06-25 11:20:58: Issues killing process in force stoppage
2017-06-25 11:31:42: Issues killing process in force stoppage
2017-06-25 11:32:57: Issues killing process in force stoppage
2017-06-25 12:00:03: Rainfall: 0.000000 inches
2017-06-25 12:00:08: Starting sprinkler for zone 0 
2017-06-25 13:00:08: Stopping sprinkler for zone 0 

2017-06-25 13:23:20: Issues killing process in force stoppage
2017-06-25 15:00:07: Rainfall: 0.000000 inches
2017-06-25 15:00:12: Starting sprinkler for zone 0 
2017-06-25 16:00:12: Stopping sprinkler for zone 0 

2017-06-25 17:43:07: Issues killing process in force stoppage
2017-06-25 17:43:08: Issues killing process in force stoppage
2017-06-25 17:44:02: Rainfall: 0.000000 inches
2017-06-25 17:44:43: Sprinkler System was force stopped

2017-06-25 17:45:02: Rainfall: 0.000000 inches
2017-06-25 17:45:07: Starting sprinkler for zone 0 
2017-06-25 17:46:07: Stopping sprinkler for zone 0 
2017-06-25 17:46:12: Starting sprinkler for zone 1 
2017-06-25 17:49:13: Stopping sprinkler for zone 1 

2017-06-25 21:11:40: Issues killing process in force stoppage
2017-06-25 21:18:46: Issues killing process in force stoppage
2017-06-25 22:00:30: Issues killing process in force stoppage
2017-06-26 10:37:31: Issues killing process in force stoppage
2017-06-26 11:12:01: Issues killing process in force stoppage
2017-06-26 11:28:04: Issues killing process in force stoppage
2017-06-26 14:12:12: Issues killing process in force stoppage
2017-06-26 14:13:34: Issues killing process in force stoppage
2017-06-26 14:14:45: Issues killing process in force stoppage
2017-06-26 17:45:02: Rainfall: 0.000000 inches
2017-06-26 17:45:07: Starting sprinkler for zone 0 
2017-06-26 17:46:07: Stopping sprinkler for zone 0 
2017-06-26 17:46:12: Starting sprinkler for zone 1 
2017-06-26 17:49:12: Stopping sprinkler for zone 1 

2017-06-26 19:19:11: Issues killing process in force stoppage
2017-06-26 21:46:37: Issues killing process in force stoppage
2017-06-26 22:26:14: Issues killing process in force stoppage
2017-06-27 09:38:48: Issues killing process in force stoppage
2017-06-27 09:52:01: Issues killing process in force stoppage
2017-06-27 17:45:03: Rainfall: 0.000000 inches
2017-06-27 17:45:08: Starting sprinkler for zone 0 
2017-06-27 17:46:08: Stopping sprinkler for zone 0 
2017-06-27 17:46:13: Starting sprinkler for zone 1 
2017-06-27 17:49:13: Stopping sprinkler for zone 1 

2017-06-28 09:01:01: Issues killing process in force stoppage
2017-06-28 11:27:47: Issues killing process in force stoppage
2017-06-28 11:33:18: Issues killing process in force stoppage
2017-06-28 12:46:46: Issues killing process in force stoppage
2017-06-28 13:08:22: Issues killing process in force stoppage
2017-06-28 13:08:24: Issues killing process in force stoppage
2017-06-28 13:09:02: Rainfall: 0.000000 inches
2017-06-28 13:09:07: Starting sprinkler for zone 0 
2017-06-28 13:10:07: Stopping sprinkler for zone 0 
2017-06-28 13:11:12: Sprinkler System was force stopped

2017-06-28 13:12:42: Issues killing process in force stoppage
2017-06-28 13:14:04: Issues killing process in force stoppage
2017-06-28 13:16:03: Rainfall: 0.000000 inches
2017-06-28 13:16:08: Starting sprinkler for zone 0 
2017-06-28 13:18:08: Stopping sprinkler for zone 0 
2017-06-28 13:18:47: Sprinkler System was force stopped

2017-06-28 13:20:04: Rainfall: 0.000000 inches
2017-06-28 13:20:09: Starting sprinkler for zone 0 
2017-06-28 13:21:09: Stopping sprinkler for zone 0 
2017-06-28 13:24:48: Sprinkler System was force stopped

2017-06-28 13:25:07: Issues killing process in force stoppage
2017-06-28 13:26:02: Rainfall: 0.000000 inches
2017-06-28 13:26:07: Starting sprinkler for zone 0 
2017-06-28 13:27:07: Stopping sprinkler for zone 0 
2017-06-28 13:43:51: Sprinkler System was force stopped

2017-06-28 14:40:23: Issues killing process in force stoppage
2017-06-28 14:43:23: Issues killing process in force stoppage
2017-06-28 18:00:02: Rainfall: 0.000000 inches
2017-06-28 18:00:07: Starting sprinkler for zone 0 
2017-06-28 18:30:07: Stopping sprinkler for zone 0 
2017-06-28 18:41:32: Sprinkler System was force stopped

2017-06-28 18:48:40: Issues killing process in force stoppage
2017-06-28 18:48:43: Issues killing process in force stoppage
2017-06-28 18:50:03: Rainfall: 0.000000 inches
2017-06-28 18:50:08: Starting sprinkler for zone 0 
2017-06-28 18:51:08: Stopping sprinkler for zone 0 
2017-06-28 18:51:13: Starting sprinkler for zone 1 
2017-06-28 19:01:13: Stopping sprinkler for zone 1 

2017-06-29 12:25:12: Issues killing process in force stoppage
2017-06-29 16:39:30: Issues killing process in force stoppage
2017-06-29 16:49:58: Issues killing process in force stoppage
2017-06-29 17:20:43: Issues killing process in force stoppage
2017-06-29 17:33:41: Issues killing process in force stoppage
2017-06-29 17:34:25: Issues killing process in force stoppage
2017-06-29 18:00:03: Rainfall: 0.000000 inches
2017-06-29 18:00:08: Starting sprinkler for zone 0 
2017-06-29 18:30:08: Stopping sprinkler for zone 0 
2017-06-29 18:30:13: Starting sprinkler for zone 1 
2017-06-29 18:45:13: Stopping sprinkler for zone 1 

2017-06-29 19:15:52: Issues killing process in force stoppage
2017-06-29 19:26:43: Issues killing process in force stoppage
2017-06-29 20:57:02: Issues killing process in force stoppage
2017-06-29 21:48:16: Issues killing process in force stoppage
2017-06-29 22:00:45: Issues killing process in force stoppage
2017-06-29 23:29:31: Issues killing process in force stoppage
2017-06-30 06:00:07: Rainfall: 0.000000 inches
2017-06-30 06:00:12: Starting sprinkler for zone 0 
2017-06-30 06:30:12: Stopping sprinkler for zone 0 
2017-06-30 06:30:17: Starting sprinkler for zone 1 
2017-06-30 06:45:17: Stopping sprinkler for zone 1 

2017-06-30 12:39:43: Issues killing process in force stoppage
2017-06-30 12:49:43: Issues killing process in force stoppage
2017-06-30 17:04:26: Issues killing process in force stoppage
2017-06-30 17:24:50: Issues killing process in force stoppage
2017-06-30 17:40:38: Issues killing process in force stoppage
2017-06-30 18:00:05: Rainfall: 0.000000 inches
2017-06-30 18:00:10: Starting sprinkler for zone 0 
2017-06-30 18:30:10: Stopping sprinkler for zone 0 
2017-06-30 18:36:42: Sprinkler System was force stopped

2017-06-30 18:53:44: Issues killing process in force stoppage
2017-06-30 20:06:32: Issues killing process in force stoppage
2017-06-30 21:21:27: Issues killing process in force stoppage
2017-06-30 23:07:19: Issues killing process in force stoppage
2017-07-01 00:24:24: Issues killing process in force stoppage
2017-07-01 00:32:48: Issues killing process in force stoppage
2017-07-01 01:21:38: Issues killing process in force stoppage
2017-07-01 06:00:03: Rainfall: 0.016667 inches
2017-07-01 10:32:29: Issues killing process in force stoppage
2017-07-01 11:47:56: Issues killing process in force stoppage
2017-07-01 18:00:03: Rainfall: 0.016667 inches
2017-07-02 06:00:02: Rainfall: 0.000000 inches
2017-07-02 06:00:07: Starting sprinkler for zone 0 
2017-07-02 06:30:07: Stopping sprinkler for zone 0 
2017-07-02 06:30:12: Starting sprinkler for zone 1 
2017-07-02 06:45:12: Stopping sprinkler for zone 1 

2017-07-02 18:00:05: Rainfall: 0.000000 inches
2017-07-02 18:00:10: Starting sprinkler for zone 0 
2017-07-02 18:30:10: Stopping sprinkler for zone 0 
2017-07-02 18:30:15: Starting sprinkler for zone 1 
2017-07-02 18:45:16: Stopping sprinkler for zone 1 

2017-07-03 06:00:03: Rainfall: 0.000000 inches
2017-07-03 06:00:08: Starting sprinkler for zone 0 
2017-07-03 06:30:08: Stopping sprinkler for zone 0 
2017-07-03 06:30:13: Starting sprinkler for zone 1 
2017-07-03 06:45:13: Stopping sprinkler for zone 1 

2017-07-03 18:00:03: Rainfall: 0.000000 inches
2017-07-03 18:00:08: Starting sprinkler for zone 0 
2017-07-03 18:30:08: Stopping sprinkler for zone 0 
2017-07-03 18:30:13: Starting sprinkler for zone 1 
2017-07-03 18:45:13: Stopping sprinkler for zone 1 

2017-07-04 06:00:03: Rainfall: 0.000000 inches
2017-07-04 06:00:08: Starting sprinkler for zone 0 
2017-07-04 06:30:08: Stopping sprinkler for zone 0 
2017-07-04 06:30:13: Starting sprinkler for zone 1 
2017-07-04 06:45:13: Stopping sprinkler for zone 1 

2017-07-04 18:00:03: Rainfall: 0.000000 inches
2017-07-04 18:00:08: Starting sprinkler for zone 0 
2017-07-04 18:30:08: Stopping sprinkler for zone 0 
2017-07-04 18:30:13: Starting sprinkler for zone 1 
2017-07-04 18:45:13: Stopping sprinkler for zone 1 

2017-07-05 06:00:04: Rainfall: 0.000000 inches
2017-07-05 06:00:09: Starting sprinkler for zone 0 
2017-07-05 06:30:09: Stopping sprinkler for zone 0 
2017-07-05 06:30:14: Starting sprinkler for zone 1 
2017-07-05 06:45:14: Stopping sprinkler for zone 1 

2017-07-05 18:00:03: Rainfall: 0.000000 inches
2017-07-05 18:00:08: Starting sprinkler for zone 0 
2017-07-05 18:30:08: Stopping sprinkler for zone 0 
2017-07-05 18:30:13: Starting sprinkler for zone 1 
2017-07-05 18:45:13: Stopping sprinkler for zone 1 

2017-07-06 06:00:04: Rainfall: 0.000000 inches
2017-07-06 06:00:09: Starting sprinkler for zone 0 
2017-07-06 06:30:09: Stopping sprinkler for zone 0 
2017-07-06 06:30:14: Starting sprinkler for zone 1 
2017-07-06 06:45:14: Stopping sprinkler for zone 1 

2017-07-06 18:00:02: Rainfall: 0.000000 inches
2017-07-06 18:00:07: Starting sprinkler for zone 0 
2017-07-06 18:30:07: Stopping sprinkler for zone 0 
2017-07-06 18:30:12: Starting sprinkler for zone 1 
2017-07-06 18:45:13: Stopping sprinkler for zone 1 

2017-07-07 06:00:10: Rainfall: 0.000000 inches
2017-07-07 06:00:15: Starting sprinkler for zone 0 
2017-07-07 06:30:16: Stopping sprinkler for zone 0 
2017-07-07 06:30:21: Starting sprinkler for zone 1 
2017-07-07 06:45:21: Stopping sprinkler for zone 1 

2017-07-07 18:00:03: Rainfall: 0.000000 inches
2017-07-07 18:00:08: Starting sprinkler for zone 0 
2017-07-07 18:30:08: Stopping sprinkler for zone 0 
2017-07-07 18:30:13: Starting sprinkler for zone 1 
2017-07-07 18:45:13: Stopping sprinkler for zone 1 

2017-07-08 06:00:05: Rainfall: 0.000000 inches
2017-07-08 06:00:10: Starting sprinkler for zone 0 
2017-07-08 06:30:10: Stopping sprinkler for zone 0 
2017-07-08 06:30:15: Starting sprinkler for zone 1 
2017-07-08 06:45:15: Stopping sprinkler for zone 1 

2017-07-08 18:00:07: Rainfall: 0.000000 inches
2017-07-08 18:00:12: Starting sprinkler for zone 0 
2017-07-08 18:30:12: Stopping sprinkler for zone 0 
2017-07-08 18:30:17: Starting sprinkler for zone 1 
2017-07-08 18:45:17: Stopping sprinkler for zone 1 

2017-07-09 06:00:04: Rainfall: 0.000000 inches
2017-07-09 06:00:09: Starting sprinkler for zone 0 
2017-07-09 06:30:10: Stopping sprinkler for zone 0 
2017-07-09 06:30:15: Starting sprinkler for zone 1 
2017-07-09 06:45:15: Stopping sprinkler for zone 1 

2017-07-09 18:00:03: Rainfall: 0.000000 inches
2017-07-09 18:00:08: Starting sprinkler for zone 0 
2017-07-09 18:30:08: Stopping sprinkler for zone 0 
2017-07-09 18:30:13: Starting sprinkler for zone 1 
2017-07-09 18:45:13: Stopping sprinkler for zone 1 

2017-07-10 06:00:05: Rainfall: 0.000000 inches
2017-07-10 06:00:10: Starting sprinkler for zone 0 
2017-07-10 06:30:10: Stopping sprinkler for zone 0 
2017-07-10 06:30:15: Starting sprinkler for zone 1 
2017-07-10 06:45:15: Stopping sprinkler for zone 1 

2017-07-10 18:00:03: Rainfall: 0.000000 inches
2017-07-10 18:00:08: Starting sprinkler for zone 0 
2017-07-10 18:30:08: Stopping sprinkler for zone 0 
2017-07-10 18:30:13: Starting sprinkler for zone 1 
2017-07-10 18:45:13: Stopping sprinkler for zone 1 

2017-07-11 06:00:03: Rainfall: 0.000000 inches
2017-07-11 06:00:08: Starting sprinkler for zone 0 
2017-07-11 06:30:08: Stopping sprinkler for zone 0 
2017-07-11 06:30:13: Starting sprinkler for zone 1 
2017-07-11 06:45:13: Stopping sprinkler for zone 1 

2017-07-11 18:00:05: Rainfall: 0.000000 inches
2017-07-11 18:00:10: Starting sprinkler for zone 0 
2017-07-11 18:30:10: Stopping sprinkler for zone 0 
2017-07-11 18:30:15: Starting sprinkler for zone 1 
2017-07-11 18:45:15: Stopping sprinkler for zone 1 

2017-07-12 06:00:05: Rainfall: 0.000000 inches
2017-07-12 06:00:10: Starting sprinkler for zone 0 
2017-07-12 06:30:10: Stopping sprinkler for zone 0 
2017-07-12 06:30:15: Starting sprinkler for zone 1 
2017-07-12 06:45:15: Stopping sprinkler for zone 1 

2017-07-12 18:00:07: Rainfall: 0.000000 inches
2017-07-12 18:00:12: Starting sprinkler for zone 0 
2017-07-12 18:30:12: Stopping sprinkler for zone 0 
2017-07-12 18:30:17: Starting sprinkler for zone 1 
2017-07-12 18:45:17: Stopping sprinkler for zone 1 

2017-07-13 06:00:14: Rainfall: 0.000000 inches
2017-07-13 06:00:19: Starting sprinkler for zone 0 
2017-07-13 06:30:19: Stopping sprinkler for zone 0 
2017-07-13 06:30:24: Starting sprinkler for zone 1 
2017-07-13 06:45:24: Stopping sprinkler for zone 1 

2017-07-13 18:00:02: Rainfall: 0.000000 inches
2017-07-13 18:00:07: Starting sprinkler for zone 0 
2017-07-13 18:30:07: Stopping sprinkler for zone 0 
2017-07-13 18:30:12: Starting sprinkler for zone 1 
2017-07-13 18:45:12: Stopping sprinkler for zone 1 

2017-07-14 06:00:09: Rainfall: 0.000000 inches
2017-07-14 06:00:14: Starting sprinkler for zone 0 
2017-07-14 06:30:14: Stopping sprinkler for zone 0 
2017-07-14 06:30:19: Starting sprinkler for zone 1 
2017-07-14 06:45:19: Stopping sprinkler for zone 1 

2017-07-14 18:00:03: Rainfall: 0.000000 inches
2017-07-14 18:00:08: Starting sprinkler for zone 0 
2017-07-14 18:30:08: Stopping sprinkler for zone 0 
2017-07-14 18:30:13: Starting sprinkler for zone 1 
2017-07-14 18:45:13: Stopping sprinkler for zone 1 

2017-07-15 06:00:02: Rainfall: 0.000000 inches
2017-07-15 06:00:07: Starting sprinkler for zone 0 
2017-07-15 06:30:07: Stopping sprinkler for zone 0 
2017-07-15 06:30:12: Starting sprinkler for zone 1 
2017-07-15 06:45:12: Stopping sprinkler for zone 1 

2017-07-15 18:00:02: Rainfall: 0.000000 inches
2017-07-15 18:00:07: Starting sprinkler for zone 0 
2017-07-15 18:30:07: Stopping sprinkler for zone 0 
2017-07-15 18:30:12: Starting sprinkler for zone 1 
2017-07-15 18:45:12: Stopping sprinkler for zone 1 

2017-07-16 06:00:02: Rainfall: 0.000000 inches
2017-07-16 06:00:07: Starting sprinkler for zone 0 
2017-07-16 06:30:08: Stopping sprinkler for zone 0 
2017-07-16 06:30:13: Starting sprinkler for zone 1 
2017-07-16 06:45:13: Stopping sprinkler for zone 1 

2017-07-16 18:00:03: Rainfall: 0.000000 inches
2017-07-16 18:00:08: Starting sprinkler for zone 0 
2017-07-16 18:30:08: Stopping sprinkler for zone 0 
2017-07-16 18:30:13: Starting sprinkler for zone 1 
2017-07-16 18:45:13: Stopping sprinkler for zone 1 

2017-07-17 06:00:03: Rainfall: 0.000000 inches
2017-07-17 06:00:08: Starting sprinkler for zone 0 
2017-07-17 06:30:09: Stopping sprinkler for zone 0 
2017-07-17 06:30:14: Starting sprinkler for zone 1 
2017-07-17 06:45:14: Stopping sprinkler for zone 1 

2017-07-17 18:00:04: Rainfall: 0.000000 inches
2017-07-17 18:00:09: Starting sprinkler for zone 0 
2017-07-17 18:30:09: Stopping sprinkler for zone 0 
2017-07-17 18:30:14: Starting sprinkler for zone 1 
2017-07-17 18:45:14: Stopping sprinkler for zone 1 

2017-07-18 06:00:16: Rainfall: 0.000000 inches
2017-07-18 06:00:21: Starting sprinkler for zone 0 
2017-07-18 06:30:21: Stopping sprinkler for zone 0 
2017-07-18 06:30:26: Starting sprinkler for zone 1 
2017-07-18 06:45:26: Stopping sprinkler for zone 1 

2017-07-18 18:00:02: Rainfall: 0.000000 inches
2017-07-18 18:00:07: Starting sprinkler for zone 0 
2017-07-18 18:30:07: Stopping sprinkler for zone 0 
2017-07-18 18:30:12: Starting sprinkler for zone 1 
2017-07-18 18:45:13: Stopping sprinkler for zone 1 

2017-07-19 06:00:03: Rainfall: 0.000000 inches
2017-07-19 06:00:08: Starting sprinkler for zone 0 
2017-07-19 06:30:08: Stopping sprinkler for zone 0 
2017-07-19 06:30:13: Starting sprinkler for zone 1 
2017-07-19 06:45:13: Stopping sprinkler for zone 1 

2017-07-19 18:00:04: Rainfall: 0.000000 inches
2017-07-19 18:00:09: Starting sprinkler for zone 0 
2017-07-19 18:30:09: Stopping sprinkler for zone 0 
2017-07-19 18:30:14: Starting sprinkler for zone 1 
2017-07-19 18:45:15: Stopping sprinkler for zone 1 

2017-07-20 06:00:02: Rainfall: 0.023333 inches
2017-07-20 18:00:03: Rainfall: 0.023333 inches
2017-07-21 06:00:04: Rainfall: 0.000000 inches
2017-07-21 06:00:09: Starting sprinkler for zone 0 
2017-07-21 06:30:09: Stopping sprinkler for zone 0 
2017-07-21 06:30:14: Starting sprinkler for zone 1 
2017-07-21 06:45:14: Stopping sprinkler for zone 1 

2017-07-21 18:00:02: Rainfall: 0.000000 inches
2017-07-21 18:00:07: Starting sprinkler for zone 0 
2017-07-21 18:30:07: Stopping sprinkler for zone 0 
2017-07-21 18:30:12: Starting sprinkler for zone 1 
2017-07-21 18:45:12: Stopping sprinkler for zone 1 

2017-07-22 06:00:08: Rainfall: 0.000000 inches
2017-07-22 06:00:13: Starting sprinkler for zone 0 
2017-07-22 06:30:13: Stopping sprinkler for zone 0 
2017-07-22 06:30:18: Starting sprinkler for zone 1 
2017-07-22 06:45:18: Stopping sprinkler for zone 1 

2017-07-22 18:00:03: Rainfall: 0.000000 inches
2017-07-22 18:00:08: Starting sprinkler for zone 0 
2017-07-22 18:30:08: Stopping sprinkler for zone 0 
2017-07-22 18:30:13: Starting sprinkler for zone 1 
2017-07-22 18:45:13: Stopping sprinkler for zone 1 

2017-07-23 06:00:03: Rainfall: 0.000000 inches
2017-07-23 06:00:08: Starting sprinkler for zone 0 
2017-07-23 06:30:08: Stopping sprinkler for zone 0 
2017-07-23 06:30:13: Starting sprinkler for zone 1 
2017-07-23 06:45:13: Stopping sprinkler for zone 1 

2017-07-23 18:00:02: Rainfall: 0.000000 inches
2017-07-23 18:00:07: Starting sprinkler for zone 0 
2017-07-23 18:30:07: Stopping sprinkler for zone 0 
2017-07-23 18:30:12: Starting sprinkler for zone 1 
2017-07-23 18:45:12: Stopping sprinkler for zone 1 

2017-07-24 06:00:06: Rainfall: 0.000000 inches
2017-07-24 06:00:11: Starting sprinkler for zone 0 
2017-07-24 06:30:11: Stopping sprinkler for zone 0 
2017-07-24 06:30:16: Starting sprinkler for zone 1 
2017-07-24 06:45:16: Stopping sprinkler for zone 1 

2017-07-24 18:00:03: Rainfall: 0.000000 inches
2017-07-24 18:00:08: Starting sprinkler for zone 0 
2017-07-24 18:30:08: Stopping sprinkler for zone 0 
2017-07-24 18:30:13: Starting sprinkler for zone 1 
2017-07-24 18:45:13: Stopping sprinkler for zone 1 

2017-07-25 06:00:14: Rainfall: 0.000000 inches
2017-07-25 06:00:19: Starting sprinkler for zone 0 
2017-07-25 06:30:19: Stopping sprinkler for zone 0 
2017-07-25 06:30:24: Starting sprinkler for zone 1 
2017-07-25 06:45:24: Stopping sprinkler for zone 1 

2017-07-25 18:00:04: Rainfall: 0.000000 inches
2017-07-25 18:00:09: Starting sprinkler for zone 0 
2017-07-25 18:30:09: Stopping sprinkler for zone 0 
2017-07-25 18:30:14: Starting sprinkler for zone 1 
2017-07-25 18:45:14: Stopping sprinkler for zone 1 

2017-07-26 06:00:08: Rainfall: 0.000000 inches
2017-07-26 06:00:13: Starting sprinkler for zone 0 
2017-07-26 06:30:13: Stopping sprinkler for zone 0 
2017-07-26 06:30:18: Starting sprinkler for zone 1 
2017-07-26 06:45:18: Stopping sprinkler for zone 1 

2017-07-26 18:00:03: Rainfall: 0.000000 inches
2017-07-26 18:00:08: Starting sprinkler for zone 0 
2017-07-26 18:30:08: Stopping sprinkler for zone 0 
2017-07-26 18:30:13: Starting sprinkler for zone 1 
2017-07-26 18:45:13: Stopping sprinkler for zone 1 

2017-07-26 19:10:18: Issues killing process in force stoppage
2017-07-27 06:00:03: Rainfall: 0.000000 inches
2017-07-27 06:00:08: Starting sprinkler for zone 0 
2017-07-27 06:30:08: Stopping sprinkler for zone 0 
2017-07-27 06:30:13: Starting sprinkler for zone 1 
2017-07-27 06:45:13: Stopping sprinkler for zone 1 

2017-07-27 18:00:02: Rainfall: 0.000000 inches
2017-07-27 18:00:08: Starting sprinkler for zone 0 
2017-07-27 18:30:08: Stopping sprinkler for zone 0 
2017-07-27 18:30:13: Starting sprinkler for zone 1 
2017-07-27 18:45:13: Stopping sprinkler for zone 1 

2017-07-28 06:00:03: Rainfall: 0.000000 inches
2017-07-28 06:00:08: Starting sprinkler for zone 0 
2017-07-28 06:30:08: Stopping sprinkler for zone 0 
2017-07-28 06:30:13: Starting sprinkler for zone 1 
2017-07-28 06:45:13: Stopping sprinkler for zone 1 

2017-07-28 18:00:02: Rainfall: 0.000000 inches
2017-07-28 18:00:07: Starting sprinkler for zone 0 
2017-07-28 18:30:08: Stopping sprinkler for zone 0 
2017-07-28 18:30:13: Starting sprinkler for zone 1 
2017-07-28 18:45:13: Stopping sprinkler for zone 1 

2017-07-29 06:00:04: Rainfall: 0.000000 inches
2017-07-29 06:00:09: Starting sprinkler for zone 0 
2017-07-29 06:30:09: Stopping sprinkler for zone 0 
2017-07-29 06:30:14: Starting sprinkler for zone 1 
2017-07-29 06:45:14: Stopping sprinkler for zone 1 

2017-07-29 16:03:26: Issues killing process in force stoppage
2017-07-29 16:05:24: Issues killing process in force stoppage
2017-07-29 16:06:02: Rainfall: 0.000000 inches
2017-07-29 16:06:50: Sprinkler System was force stopped

2017-07-29 16:07:08: Issues killing process in force stoppage
2017-07-29 16:49:40: Issues killing process in force stoppage
2017-07-29 18:00:02: Rainfall: 0.000000 inches
2017-07-29 18:00:07: Starting sprinkler for zone 0 
2017-07-29 18:30:08: Stopping sprinkler for zone 0 
2017-07-29 18:30:39: Sprinkler System was force stopped

2017-07-29 20:40:46: Issues killing process in force stoppage
2017-07-29 20:43:51: Issues killing process in force stoppage
2017-07-29 20:44:33: Issues killing process in force stoppage
2017-07-30 03:30:03: Rainfall: 0.000000 inches
2017-07-30 03:30:08: Starting sprinkler for zone 0 
2017-07-30 03:50:08: Stopping sprinkler for zone 0 
2017-07-30 03:50:13: Starting sprinkler for zone 1 
2017-07-30 04:10:13: Stopping sprinkler for zone 1 

2017-07-30 06:00:02: Rainfall: 0.000000 inches
2017-07-30 06:00:07: Rainfall: 0.000000 inches
2017-07-30 06:00:07: Starting sprinkler for zone 0 
2017-07-30 06:20:08: Stopping sprinkler for zone 0 
2017-07-30 06:00:12: Starting sprinkler for zone 0 
2017-07-30 06:20:12: Stopping sprinkler for zone 0 
2017-07-30 06:20:13: Starting sprinkler for zone 1 
2017-07-30 06:40:13: Stopping sprinkler for zone 1 

2017-07-30 06:20:17: Starting sprinkler for zone 1 
2017-07-30 06:40:17: Stopping sprinkler for zone 1 

2017-07-30 08:30:03: Rainfall: 0.000000 inches
2017-07-30 08:30:08: Starting sprinkler for zone 0 
2017-07-30 08:50:08: Stopping sprinkler for zone 0 
2017-07-30 08:50:13: Starting sprinkler for zone 1 
2017-07-30 09:10:13: Stopping sprinkler for zone 1 

2017-07-30 11:00:05: Rainfall: 0.000000 inches
2017-07-30 11:00:10: Starting sprinkler for zone 0 
2017-07-30 11:20:10: Stopping sprinkler for zone 0 
2017-07-30 11:20:15: Starting sprinkler for zone 1 
2017-07-30 11:40:15: Stopping sprinkler for zone 1 

2017-07-31 03:30:07: Rainfall: 0.000000 inches
2017-07-31 03:30:12: Starting sprinkler for zone 0 
2017-07-31 03:50:13: Stopping sprinkler for zone 0 
2017-07-31 03:50:18: Starting sprinkler for zone 1 
2017-07-31 04:10:18: Stopping sprinkler for zone 1 

2017-07-31 06:00:02: Rainfall: 0.000000 inches
2017-07-31 06:00:02: Rainfall: 0.000000 inches
2017-07-31 06:00:07: Starting sprinkler for zone 0 
2017-07-31 06:20:07: Stopping sprinkler for zone 0 
2017-07-31 06:00:07: Starting sprinkler for zone 0 
2017-07-31 06:20:07: Stopping sprinkler for zone 0 
2017-07-31 06:20:12: Starting sprinkler for zone 1 
2017-07-31 06:40:12: Stopping sprinkler for zone 1 

2017-07-31 06:20:12: Starting sprinkler for zone 1 
2017-07-31 06:40:12: Stopping sprinkler for zone 1 

2017-07-31 08:30:02: Rainfall: 0.000000 inches
2017-07-31 08:30:07: Starting sprinkler for zone 0 
2017-07-31 08:50:07: Stopping sprinkler for zone 0 
2017-07-31 08:50:12: Starting sprinkler for zone 1 
2017-07-31 09:10:12: Stopping sprinkler for zone 1 

2017-07-31 11:00:08: Rainfall: 0.000000 inches
2017-07-31 11:00:13: Starting sprinkler for zone 0 
2017-07-31 11:20:13: Stopping sprinkler for zone 0 
2017-07-31 11:20:18: Starting sprinkler for zone 1 
2017-07-31 11:40:18: Stopping sprinkler for zone 1 

2017-07-31 11:55:36: Issues killing process in force stoppage
2017-07-31 12:00:02: Rainfall: 0.000000 inches
2017-07-31 12:00:07: Starting sprinkler for zone 0 
2017-07-31 12:30:07: Stopping sprinkler for zone 0 
2017-07-31 12:30:12: Starting sprinkler for zone 1 
2017-07-31 13:00:12: Stopping sprinkler for zone 1 

2017-07-31 18:00:03: Rainfall: 0.000000 inches
2017-07-31 18:00:08: Starting sprinkler for zone 0 
2017-07-31 18:30:08: Stopping sprinkler for zone 0 
2017-07-31 18:30:13: Starting sprinkler for zone 1 
2017-07-31 19:00:13: Stopping sprinkler for zone 1 

2017-08-01 06:00:04: Rainfall: 0.000000 inches
2017-08-01 06:00:09: Starting sprinkler for zone 0 
2017-08-01 06:30:09: Stopping sprinkler for zone 0 
2017-08-01 06:30:14: Starting sprinkler for zone 1 
2017-08-01 07:00:14: Stopping sprinkler for zone 1 

2017-08-01 12:00:03: Rainfall: 0.000000 inches
2017-08-01 12:00:08: Starting sprinkler for zone 0 
2017-08-01 12:30:08: Stopping sprinkler for zone 0 
2017-08-01 12:30:13: Starting sprinkler for zone 1 
2017-08-01 13:00:13: Stopping sprinkler for zone 1 

2017-08-01 18:00:04: Rainfall: 0.000000 inches
2017-08-01 18:00:09: Starting sprinkler for zone 0 
2017-08-01 18:30:09: Stopping sprinkler for zone 0 
2017-08-01 18:30:14: Starting sprinkler for zone 1 
2017-08-01 19:00:14: Stopping sprinkler for zone 1 

2017-08-02 06:00:02: Rainfall: 0.000000 inches
2017-08-02 06:00:07: Starting sprinkler for zone 0 
2017-08-02 06:30:08: Stopping sprinkler for zone 0 
2017-08-02 06:30:13: Starting sprinkler for zone 1 
2017-08-02 07:00:13: Stopping sprinkler for zone 1 

2017-08-02 12:00:10: Rainfall: 0.000000 inches
2017-08-02 12:00:15: Starting sprinkler for zone 0 
2017-08-02 12:30:15: Stopping sprinkler for zone 0 
2017-08-02 12:30:20: Starting sprinkler for zone 1 
2017-08-02 13:00:21: Stopping sprinkler for zone 1 

2017-08-02 18:00:07: Rainfall: 0.000000 inches
2017-08-02 18:00:13: Starting sprinkler for zone 0 
2017-08-02 18:30:13: Stopping sprinkler for zone 0 
2017-08-02 18:30:18: Starting sprinkler for zone 1 
2017-08-02 19:00:18: Stopping sprinkler for zone 1 

2017-08-03 06:00:05: Rainfall: 0.000000 inches
2017-08-03 06:00:10: Starting sprinkler for zone 0 
2017-08-03 06:30:10: Stopping sprinkler for zone 0 
2017-08-03 06:30:15: Starting sprinkler for zone 1 
2017-08-03 07:00:15: Stopping sprinkler for zone 1 

2017-08-03 12:00:02: Rainfall: 0.000000 inches
2017-08-03 12:00:07: Starting sprinkler for zone 0 
2017-08-03 12:30:08: Stopping sprinkler for zone 0 
2017-08-03 12:30:13: Starting sprinkler for zone 1 
2017-08-03 13:00:13: Stopping sprinkler for zone 1 

2017-08-03 18:00:02: Rainfall: 0.000000 inches
2017-08-03 18:00:07: Starting sprinkler for zone 0 
2017-08-03 18:30:07: Stopping sprinkler for zone 0 
2017-08-03 18:30:12: Starting sprinkler for zone 1 
2017-08-03 19:00:12: Stopping sprinkler for zone 1 

2017-08-04 06:00:03: Rainfall: 0.000000 inches
2017-08-04 06:00:08: Starting sprinkler for zone 0 
2017-08-04 06:30:08: Stopping sprinkler for zone 0 
2017-08-04 06:30:13: Starting sprinkler for zone 1 
2017-08-04 07:00:13: Stopping sprinkler for zone 1 

2017-08-04 12:00:02: Rainfall: 0.000000 inches
2017-08-04 12:00:07: Starting sprinkler for zone 0 
2017-08-04 12:30:07: Stopping sprinkler for zone 0 
2017-08-04 12:30:12: Starting sprinkler for zone 1 
2017-08-04 13:00:12: Stopping sprinkler for zone 1 

2017-08-04 18:00:03: Rainfall: 0.000000 inches
2017-08-04 18:00:08: Starting sprinkler for zone 0 
2017-08-04 18:30:08: Stopping sprinkler for zone 0 
2017-08-04 18:30:13: Starting sprinkler for zone 1 
2017-08-04 19:00:13: Stopping sprinkler for zone 1 

2017-08-05 06:00:12: Rainfall: 0.000000 inches
2017-08-05 06:00:17: Starting sprinkler for zone 0 
2017-08-05 06:30:17: Stopping sprinkler for zone 0 
2017-08-05 06:30:22: Starting sprinkler for zone 1 
2017-08-05 07:00:22: Stopping sprinkler for zone 1 

2017-08-05 12:00:05: Rainfall: 0.000000 inches
2017-08-05 12:00:10: Starting sprinkler for zone 0 
2017-08-05 12:30:10: Stopping sprinkler for zone 0 
2017-08-05 12:30:15: Starting sprinkler for zone 1 
2017-08-05 13:00:15: Stopping sprinkler for zone 1 

2017-08-05 18:00:04: Rainfall: 0.000000 inches
2017-08-05 18:00:09: Starting sprinkler for zone 0 
2017-08-05 18:30:09: Stopping sprinkler for zone 0 
2017-08-05 18:30:14: Starting sprinkler for zone 1 
2017-08-05 19:00:14: Stopping sprinkler for zone 1 

2017-08-06 06:00:02: Rainfall: 0.000000 inches
2017-08-06 06:00:07: Starting sprinkler for zone 0 
2017-08-06 06:30:07: Stopping sprinkler for zone 0 
2017-08-06 06:30:12: Starting sprinkler for zone 1 
2017-08-06 07:00:12: Stopping sprinkler for zone 1 

2017-08-06 12:00:03: Rainfall: 0.000000 inches
2017-08-06 12:00:08: Starting sprinkler for zone 0 
2017-08-06 12:30:08: Stopping sprinkler for zone 0 
2017-08-06 12:30:13: Starting sprinkler for zone 1 
2017-08-06 13:00:13: Stopping sprinkler for zone 1 

2017-08-06 18:00:02: Rainfall: 0.000000 inches
2017-08-06 18:00:07: Starting sprinkler for zone 0 
2017-08-06 18:30:07: Stopping sprinkler for zone 0 
2017-08-06 18:30:12: Starting sprinkler for zone 1 
2017-08-06 19:00:12: Stopping sprinkler for zone 1 

2017-08-07 06:00:07: Rainfall: 0.000000 inches
2017-08-07 06:00:12: Starting sprinkler for zone 0 
2017-08-07 06:30:12: Stopping sprinkler for zone 0 
2017-08-07 06:30:17: Starting sprinkler for zone 1 
2017-08-07 07:00:17: Stopping sprinkler for zone 1 

2017-08-07 12:00:03: Rainfall: 0.000000 inches
2017-08-07 12:00:08: Starting sprinkler for zone 0 
2017-08-07 12:30:08: Stopping sprinkler for zone 0 
2017-08-07 12:30:13: Starting sprinkler for zone 1 
2017-08-07 13:00:13: Stopping sprinkler for zone 1 

2017-08-07 18:00:02: Rainfall: 0.000000 inches
2017-08-07 18:00:07: Starting sprinkler for zone 0 
2017-08-07 18:30:07: Stopping sprinkler for zone 0 
2017-08-07 18:30:12: Starting sprinkler for zone 1 
2017-08-07 19:00:12: Stopping sprinkler for zone 1 

2017-08-08 06:00:02: Rainfall: 0.000000 inches
2017-08-08 06:00:07: Starting sprinkler for zone 0 
2017-08-08 06:30:07: Stopping sprinkler for zone 0 
2017-08-08 06:30:12: Starting sprinkler for zone 1 
2017-08-08 07:00:13: Stopping sprinkler for zone 1 

2017-08-08 12:00:02: Rainfall: 0.000000 inches
2017-08-08 12:00:07: Starting sprinkler for zone 0 
2017-08-08 12:30:07: Stopping sprinkler for zone 0 
2017-08-08 12:30:12: Starting sprinkler for zone 1 
2017-08-08 13:00:12: Stopping sprinkler for zone 1 

2017-08-08 18:00:28: Rainfall: 0.000000 inches
2017-08-08 18:00:33: Starting sprinkler for zone 0 
2017-08-08 18:30:33: Stopping sprinkler for zone 0 
2017-08-08 18:30:38: Starting sprinkler for zone 1 
2017-08-08 19:00:38: Stopping sprinkler for zone 1 

2017-08-09 06:00:07: Rainfall: 0.000000 inches
2017-08-09 06:00:12: Starting sprinkler for zone 0 
2017-08-09 06:30:12: Stopping sprinkler for zone 0 
2017-08-09 06:30:17: Starting sprinkler for zone 1 
2017-08-09 07:00:17: Stopping sprinkler for zone 1 

2017-08-09 12:00:03: Rainfall: 0.000000 inches
2017-08-09 12:00:08: Starting sprinkler for zone 0 
2017-08-09 12:30:08: Stopping sprinkler for zone 0 
2017-08-09 12:30:13: Starting sprinkler for zone 1 
2017-08-09 13:00:13: Stopping sprinkler for zone 1 

2017-08-09 18:00:03: Rainfall: 0.000000 inches
2017-08-09 18:00:08: Starting sprinkler for zone 0 
2017-08-09 18:30:08: Stopping sprinkler for zone 0 
2017-08-09 18:30:13: Starting sprinkler for zone 1 
2017-08-09 19:00:14: Stopping sprinkler for zone 1 

2017-08-10 06:00:04: Rainfall: 0.006666 inches
2017-08-10 06:00:09: Starting sprinkler for zone 0 
2017-08-10 06:30:09: Stopping sprinkler for zone 0 
2017-08-10 06:30:14: Starting sprinkler for zone 1 
2017-08-10 07:00:14: Stopping sprinkler for zone 1 

2017-08-10 12:00:02: Rainfall: 0.006666 inches
2017-08-10 12:00:07: Starting sprinkler for zone 0 
2017-08-10 12:30:07: Stopping sprinkler for zone 0 
2017-08-10 12:30:12: Starting sprinkler for zone 1 
2017-08-10 13:00:12: Stopping sprinkler for zone 1 

2017-08-10 18:00:03: Rainfall: 0.006665 inches
2017-08-10 18:00:08: Starting sprinkler for zone 0 
2017-08-10 18:30:08: Stopping sprinkler for zone 0 
2017-08-10 18:30:13: Starting sprinkler for zone 1 
2017-08-10 19:00:13: Stopping sprinkler for zone 1 

2017-08-11 06:00:04: Rainfall: 0.003333 inches
2017-08-11 06:00:09: Starting sprinkler for zone 0 
2017-08-11 06:30:09: Stopping sprinkler for zone 0 
2017-08-11 06:30:14: Starting sprinkler for zone 1 
2017-08-11 07:00:14: Stopping sprinkler for zone 1 

2017-08-11 12:00:03: Rainfall: 0.003333 inches
2017-08-11 12:00:08: Starting sprinkler for zone 0 
2017-08-11 12:30:08: Stopping sprinkler for zone 0 
2017-08-11 12:30:13: Starting sprinkler for zone 1 
2017-08-11 13:00:13: Stopping sprinkler for zone 1 

2017-08-11 18:00:03: Rainfall: 0.003333 inches
2017-08-11 18:00:08: Starting sprinkler for zone 0 
2017-08-11 18:30:08: Stopping sprinkler for zone 0 
2017-08-11 18:30:13: Starting sprinkler for zone 1 
2017-08-11 19:00:13: Stopping sprinkler for zone 1 

2017-08-12 06:00:02: Rainfall: 0.000000 inches
2017-08-12 06:00:07: Starting sprinkler for zone 0 
2017-08-12 06:30:07: Stopping sprinkler for zone 0 
2017-08-12 06:30:12: Starting sprinkler for zone 1 
2017-08-12 07:00:12: Stopping sprinkler for zone 1 

2017-08-12 14:35:07: Starting sprinkler for zone 0 
2017-08-12 14:36:07: Stopping sprinkler for zone 0 
2017-08-12 14:36:12: Starting sprinkler for zone 1 
2017-08-12 14:37:13: Stopping sprinkler for zone 1 

2017-08-12 14:56:02: Rainfall: 0.000000 inches
2017-08-12 15:05:04: Force stopped sprinkler for zone 0 
2017-08-12 15:05:09: Force stopped sprinkler for zone 1 

2017-08-12 15:05:27: Force stopped sprinkler for zone 0 
2017-08-12 15:05:28: Force stopped sprinkler for zone 1 

2017-08-12 15:06:02: Rainfall: 0.000000 inches
2017-08-12 15:06:06: Force stopped sprinkler for zone 0 
2017-08-12 15:06:07: Force stopped sprinkler for zone 1 

2017-08-12 15:07:02: Rainfall: 0.000000 inches
2017-08-12 15:07:20: Force stopped sprinkler for zone 0 
2017-08-12 15:07:21: Force stopped sprinkler for zone 1 

2017-08-13 15:07:02: Rainfall: 0.123333 inches
2017-08-14 18:00:03: Rainfall: 0.000000 inches
2017-08-14 18:00:08: Starting sprinkler for zone 0 
2017-08-14 18:30:08: Stopping sprinkler for zone 0 
2017-08-14 18:30:13: Starting sprinkler for zone 1 
2017-08-14 19:00:13: Stopping sprinkler for zone 1 

2017-08-14 19:21:02: Rainfall: 0.000000 inches
2017-08-14 19:21:07: Starting sprinkler for zone 0 
2017-08-14 19:22:07: Stopping sprinkler for zone 0 
2017-08-14 19:22:12: Starting sprinkler for zone 1 
2017-08-14 19:23:12: Stopping sprinkler for zone 1 

2017-08-15 18:00:03: Rainfall: 0.000000 inches
2017-08-15 18:07:43: An error has occurred: global name 'sleep' is not defined 
2017-08-15 18:07:57: An error has occurred: global name 'sleep' is not defined 
2017-08-15 18:08:36: Force stopped sprinkler for zone 0 
2017-08-15 18:08:37: Force stopped sprinkler for zone 1 

2017-08-15 18:09:03: Force stopped sprinkler for zone 0 
2017-08-15 18:09:04: Force stopped sprinkler for zone 1 

2017-08-15 18:10:03: Rainfall: 0.000000 inches
2017-08-15 18:10:15: Force stopped sprinkler for zone 0 
2017-08-15 18:10:16: Force stopped sprinkler for zone 1 

2017-08-15 18:10:32: Force stopped sprinkler for zone 0 
2017-08-15 18:10:33: Force stopped sprinkler for zone 1 

2017-08-15 18:11:02: Rainfall: 0.000000 inches
2017-08-15 18:11:07: Starting sprinkler for zone 0 
2017-08-15 18:41:07: Stopping sprinkler for zone 0 
2017-08-15 18:41:12: Starting sprinkler for zone 1 
2017-08-15 19:11:12: Stopping sprinkler for zone 1 

2017-08-16 06:00:02: Rainfall: 0.000000 inches
2017-08-16 06:00:07: Starting sprinkler for zone 0 
2017-08-16 06:30:08: Stopping sprinkler for zone 0 
2017-08-16 06:30:13: Starting sprinkler for zone 1 
2017-08-16 07:00:13: Stopping sprinkler for zone 1 

2017-08-16 18:11:02: Rainfall: 0.000000 inches
2017-08-16 18:11:07: Starting sprinkler for zone 0 
2017-08-16 18:41:07: Stopping sprinkler for zone 0 
2017-08-16 18:41:12: Starting sprinkler for zone 1 
2017-08-16 19:11:12: Stopping sprinkler for zone 1 

2017-08-17 06:00:02: Rainfall: 0.000000 inches
2017-08-17 06:00:07: Starting sprinkler for zone 0 
2017-08-17 06:30:07: Stopping sprinkler for zone 0 
2017-08-17 06:30:12: Starting sprinkler for zone 1 
2017-08-17 07:00:12: Stopping sprinkler for zone 1 

2017-08-17 17:46:20: Rainfall: 0.000000 inches
2017-08-17 17:46:25: An error has occurred: No access to /dev/mem.  Try running as root! 
2017-08-17 17:46:33: Rainfall: 0.000000 inches
2017-08-17 17:46:41: Force stopped sprinkler for zone 0 
2017-08-17 17:46:42: Force stopped sprinkler for zone 1 

2017-08-17 17:47:02: Rainfall: 0.000000 inches
2017-08-17 17:47:04: Force stopped sprinkler for zone 0 
2017-08-17 17:47:05: Force stopped sprinkler for zone 1 

2017-08-17 17:49:02: Rainfall: 0.000000 inches
2017-08-17 17:51:56: Force stopped sprinkler for zone 0 
2017-08-17 17:51:57: Force stopped sprinkler for zone 1 

2017-08-17 17:53:25: Force stopped sprinkler for zone 0 
2017-08-17 17:53:26: Force stopped sprinkler for zone 1 

2017-08-17 17:53:29: Force stopped sprinkler for zone 0 
2017-08-17 17:53:30: Force stopped sprinkler for zone 1 

2017-08-17 18:00:03: Rainfall: 0.000000 inches
